File C:\Users\Ross\Documents\1.School\WGU\33.ComputerScienceCapstone C964\Capstone\robeForecast\robeForecast\settings.py previous mtime: 1726604512.446077, current mtime: 1726605461.647324
C:\Users\Ross\Documents\1.School\WGU\33.ComputerScienceCapstone C964\Capstone\robeForecast\robeForecast\settings.py notified as changed. Signal results: [(<function template_changed at 0x000001C55EEF2340>, None), (<function translation_file_changed at 0x000001C5604D60C0>, None)].
C:\Users\Ross\Documents\1.School\WGU\33.ComputerScienceCapstone C964\Capstone\robeForecast\robeForecast\settings.py changed, reloading.
Watching for file changes with StatReloader
Watching for file changes with StatReloader
"GET /api/granitefallsforecasttable/ HTTP/1.1" 200 3580
"GET /api/granitefallsforecastchart/ HTTP/1.1" 200 43152
"GET /api/granitefallsforecasttable/ HTTP/1.1" 200 2
Internal Server Error: /api/granitefallsforecastchart/
Traceback (most recent call last):
  File "C:\Users\Ross\Documents\1.School\WGU\33.ComputerScienceCapstone C964\Capstone\robeForecast\.venv\Lib\site-packages\django\core\handlers\exception.py", line 55, in inner
    response = get_response(request)
               ^^^^^^^^^^^^^^^^^^^^^
  File "C:\Users\Ross\Documents\1.School\WGU\33.ComputerScienceCapstone C964\Capstone\robeForecast\.venv\Lib\site-packages\django\core\handlers\base.py", line 197, in _get_response
    response = wrapped_callback(request, *callback_args, **callback_kwargs)
               ^^^^^^^^^^^^^^^^^^^^^^^^^^^^^^^^^^^^^^^^^^^^^^^^^^^^^^^^^^^^
  File "C:\Users\Ross\Documents\1.School\WGU\33.ComputerScienceCapstone C964\Capstone\robeForecast\riverdata\views.py", line 164, in granite_forecast_chart
    df['datetime_local'] = df['datetime'].dt.tz_convert(tz.tzlocal())
                           ~~^^^^^^^^^^^^
  File "C:\Users\Ross\Documents\1.School\WGU\33.ComputerScienceCapstone C964\Capstone\robeForecast\.venv\Lib\site-packages\pandas\core\frame.py", line 4102, in __getitem__
    indexer = self.columns.get_loc(key)
              ^^^^^^^^^^^^^^^^^^^^^^^^^
  File "C:\Users\Ross\Documents\1.School\WGU\33.ComputerScienceCapstone C964\Capstone\robeForecast\.venv\Lib\site-packages\pandas\core\indexes\range.py", line 417, in get_loc
    raise KeyError(key)
KeyError: 'datetime'
"GET /api/granitefallsforecastchart/ HTTP/1.1" 500 79327
"GET /api/granitefallsforecasttable/ HTTP/1.1" 200 2
Internal Server Error: /api/granitefallsforecastchart/
Traceback (most recent call last):
  File "C:\Users\Ross\Documents\1.School\WGU\33.ComputerScienceCapstone C964\Capstone\robeForecast\.venv\Lib\site-packages\django\core\handlers\exception.py", line 55, in inner
    response = get_response(request)
               ^^^^^^^^^^^^^^^^^^^^^
  File "C:\Users\Ross\Documents\1.School\WGU\33.ComputerScienceCapstone C964\Capstone\robeForecast\.venv\Lib\site-packages\django\core\handlers\base.py", line 197, in _get_response
    response = wrapped_callback(request, *callback_args, **callback_kwargs)
               ^^^^^^^^^^^^^^^^^^^^^^^^^^^^^^^^^^^^^^^^^^^^^^^^^^^^^^^^^^^^
  File "C:\Users\Ross\Documents\1.School\WGU\33.ComputerScienceCapstone C964\Capstone\robeForecast\riverdata\views.py", line 164, in granite_forecast_chart
    df['datetime_local'] = df['datetime'].dt.tz_convert(tz.tzlocal())
                           ~~^^^^^^^^^^^^
  File "C:\Users\Ross\Documents\1.School\WGU\33.ComputerScienceCapstone C964\Capstone\robeForecast\.venv\Lib\site-packages\pandas\core\frame.py", line 4102, in __getitem__
    indexer = self.columns.get_loc(key)
              ^^^^^^^^^^^^^^^^^^^^^^^^^
  File "C:\Users\Ross\Documents\1.School\WGU\33.ComputerScienceCapstone C964\Capstone\robeForecast\.venv\Lib\site-packages\pandas\core\indexes\range.py", line 417, in get_loc
    raise KeyError(key)
KeyError: 'datetime'
"GET /api/granitefallsforecastchart/ HTTP/1.1" 500 79327
C:\Users\Ross\Documents\1.School\WGU\33.ComputerScienceCapstone C964\Capstone\robeForecast\riverdata\models.py changed, reloading.
Watching for file changes with StatReloader
C:\Users\Ross\Documents\1.School\WGU\33.ComputerScienceCapstone C964\Capstone\robeForecast\riverdata\models.py changed, reloading.
Watching for file changes with StatReloader
C:\Users\Ross\Documents\1.School\WGU\33.ComputerScienceCapstone C964\Capstone\robeForecast\riverdata\models.py changed, reloading.
Watching for file changes with StatReloader
"GET /api/granitefallsforecasttable/ HTTP/1.1" 200 3560
"GET /api/granitefallsforecastchart/ HTTP/1.1" 200 43082
"GET /api/granitefallsforecasttable/ HTTP/1.1" 200 3580
"GET /api/granitefallsforecastchart/ HTTP/1.1" 200 43082
"GET /api/granitefallsforecasttable/ HTTP/1.1" 200 3580
"GET /api/granitefallsforecastchart/ HTTP/1.1" 200 43082
"GET /api/granitefallsforecasttable/ HTTP/1.1" 200 3600
"GET /api/granitefallsforecastchart/ HTTP/1.1" 200 43082
C:\Users\Ross\Documents\1.School\WGU\33.ComputerScienceCapstone C964\Capstone\robeForecast\riverdata\models.py changed, reloading.
Watching for file changes with StatReloader
C:\Users\Ross\Documents\1.School\WGU\33.ComputerScienceCapstone C964\Capstone\robeForecast\riverdata\models.py changed, reloading.
Watching for file changes with StatReloader
C:\Users\Ross\Documents\1.School\WGU\33.ComputerScienceCapstone C964\Capstone\robeForecast\riverdata\views.py changed, reloading.
Watching for file changes with StatReloader
C:\Users\Ross\Documents\1.School\WGU\33.ComputerScienceCapstone C964\Capstone\robeForecast\riverdata\serializers.py changed, reloading.
Watching for file changes with StatReloader
C:\Users\Ross\Documents\1.School\WGU\33.ComputerScienceCapstone C964\Capstone\robeForecast\riverdata\models.py changed, reloading.
Watching for file changes with StatReloader
C:\Users\Ross\Documents\1.School\WGU\33.ComputerScienceCapstone C964\Capstone\robeForecast\riverdata\models.py changed, reloading.
Watching for file changes with StatReloader
"GET /api/granitefallsforecasttable/ HTTP/1.1" 200 3594
"GET /api/granitefallsforecastchart/ HTTP/1.1" 200 43076
C:\Users\Ross\Documents\1.School\WGU\33.ComputerScienceCapstone C964\Capstone\robeForecast\robeForecast\celery.py changed, reloading.
Watching for file changes with StatReloader
"GET /api/granitefallsforecasttable/ HTTP/1.1" 200 3594
"GET /api/granitefallsforecastchart/ HTTP/1.1" 200 43076
"GET /api/granitefallsforecasttable/ HTTP/1.1" 200 3594
"GET /api/granitefallsforecastchart/ HTTP/1.1" 200 43076
"GET /api/granitefallsforecasttable/ HTTP/1.1" 200 3594
"GET /api/granitefallsforecastchart/ HTTP/1.1" 200 43076
"GET /api/granitefallsforecasttable/ HTTP/1.1" 200 3594
"GET /api/granitefallsforecastchart/ HTTP/1.1" 200 43076
"GET /api/granitefallsforecastchart/ HTTP/1.1" 200 43076
"GET /api/granitefallsforecasttable/ HTTP/1.1" 200 3594
"GET /api/granitefallsforecasttable/ HTTP/1.1" 200 3594
"GET /api/granitefallsforecastchart/ HTTP/1.1" 200 43076
"GET /api/accuracymetrics/ HTTP/1.1" 200 330
"GET /api/granitefallsforecastchart/ HTTP/1.1" 200 43076
"GET /api/accuracymetrics/ HTTP/1.1" 200 330
"GET /api/granitefallsforecastchart/ HTTP/1.1" 200 43076
"GET /api/accuracymetrics/ HTTP/1.1" 200 330
"GET /api/granitefallsforecastchart/ HTTP/1.1" 200 43076
"GET /api/accuracymetrics/ HTTP/1.1" 200 330
"GET /api/granitefallsforecastchart/ HTTP/1.1" 200 43076
"GET /api/accuracymetrics/ HTTP/1.1" 200 330
"GET /api/granitefallsforecastchart/ HTTP/1.1" 200 43076
"GET /api/accuracymetrics/ HTTP/1.1" 200 330
"GET /api/granitefallsforecastchart/ HTTP/1.1" 200 43076
"GET /api/accuracymetrics/ HTTP/1.1" 200 330
"GET /api/accuracymetrics/ HTTP/1.1" 200 330
"GET /api/granitefallsforecastchart/ HTTP/1.1" 200 43076
"GET /api/accuracymetrics/ HTTP/1.1" 200 330
"GET /api/accuracymetrics/ HTTP/1.1" 200 330
"GET /api/granitefallsforecastchart/ HTTP/1.1" 200 43076
"GET /api/accuracymetrics/ HTTP/1.1" 200 330
"GET /api/accuracymetrics/ HTTP/1.1" 200 330
"GET /api/granitefallsforecastchart/ HTTP/1.1" 200 43076
"GET /api/accuracymetrics/ HTTP/1.1" 200 330
"GET /api/accuracymetrics/ HTTP/1.1" 200 330
"GET /api/granitefallsforecastchart/ HTTP/1.1" 200 43076
"GET /api/accuracymetrics/ HTTP/1.1" 200 330
"GET /api/accuracymetrics/ HTTP/1.1" 200 330
"GET /api/granitefallsforecastchart/ HTTP/1.1" 200 43076
"GET /api/accuracymetrics/ HTTP/1.1" 200 216
"GET /api/accuracymetrics/ HTTP/1.1" 200 216
"GET /api/granitefallsforecastchart/ HTTP/1.1" 200 43076
"GET /api/accuracymetrics/ HTTP/1.1" 200 216
"GET /api/accuracymetrics/ HTTP/1.1" 200 216
"GET /api/granitefallsforecastchart/ HTTP/1.1" 200 43076
"GET /api/accuracymetrics/ HTTP/1.1" 200 216
"GET /api/granitefallsforecasttable/ HTTP/1.1" 200 3594
"GET /api/granitefallsforecastchart/ HTTP/1.1" 200 43076
"GET /api/accuracymetrics/ HTTP/1.1" 200 216
"GET /api/granitefallsforecasttable/ HTTP/1.1" 200 3594
- Broken pipe from ('127.0.0.1', 53659)
"GET /api/accuracymetrics/ HTTP/1.1" 200 216
"GET /api/granitefallsforecasttable/ HTTP/1.1" 200 3594
"GET /api/granitefallsforecastchart/ HTTP/1.1" 200 43076
"GET /api/accuracymetrics/ HTTP/1.1" 200 216
- Broken pipe from ('127.0.0.1', 53660)
- Broken pipe from ('127.0.0.1', 53661)
"GET /api/accuracymetrics/ HTTP/1.1" 200 216
"GET /api/granitefallsforecasttable/ HTTP/1.1" 200 3594
"GET /api/granitefallsforecastchart/ HTTP/1.1" 200 43076
"GET /api/accuracymetrics/ HTTP/1.1" 200 216
"GET /api/granitefallsforecasttable/ HTTP/1.1" 200 3594
"GET /api/granitefallsforecastchart/ HTTP/1.1" 200 43076
"GET /api/accuracymetrics/ HTTP/1.1" 200 216
"GET /api/granitefallsforecasttable/ HTTP/1.1" 200 3594
"GET /api/granitefallsforecastchart/ HTTP/1.1" 200 43076
"GET /api/accuracymetrics/ HTTP/1.1" 200 216
- Broken pipe from ('127.0.0.1', 54006)
- Broken pipe from ('127.0.0.1', 53954)
"GET /api/accuracymetrics/ HTTP/1.1" 200 216
"GET /api/granitefallsforecasttable/ HTTP/1.1" 200 3594
"GET /api/granitefallsforecastchart/ HTTP/1.1" 200 43076
"GET /api/accuracymetrics/ HTTP/1.1" 200 330
"GET /api/granitefallsforecastchart/ HTTP/1.1" 200 43079
"GET /api/granitefallsforecasttable/ HTTP/1.1" 200 3597
"GET /api/accuracymetrics/ HTTP/1.1" 200 330
"GET /api/granitefallsforecasttable/ HTTP/1.1" 200 3597
"GET /api/granitefallsforecastchart/ HTTP/1.1" 200 43079
"GET /api/accuracymetrics/ HTTP/1.1" 200 324
"GET /api/granitefallsforecasttable/ HTTP/1.1" 200 3595
"GET /api/granitefallsforecastchart/ HTTP/1.1" 200 43077
"GET /api/granitefallsforecasttable/ HTTP/1.1" 200 3595
"GET /api/accuracymetrics/ HTTP/1.1" 200 321
"GET /api/granitefallsforecastchart/ HTTP/1.1" 200 43077
"GET /api/accuracymetrics/ HTTP/1.1" 200 216
"GET /api/granitefallsforecasttable/ HTTP/1.1" 200 3596
"GET /api/granitefallsforecastchart/ HTTP/1.1" 200 43078
"GET /api/accuracymetrics/ HTTP/1.1" 200 216
"GET /api/granitefallsforecasttable/ HTTP/1.1" 200 3596
"GET /api/granitefallsforecastchart/ HTTP/1.1" 200 43078
- Broken pipe from ('127.0.0.1', 53880)
- Broken pipe from ('127.0.0.1', 53879)
- Broken pipe from ('127.0.0.1', 53878)
"GET /api/accuracymetrics/ HTTP/1.1" 200 216
"GET /api/granitefallsforecasttable/ HTTP/1.1" 200 3596
"GET /api/granitefallsforecastchart/ HTTP/1.1" 200 43078
"GET /api/granitefallsforecasttable/ HTTP/1.1" 200 3596
"GET /api/accuracymetrics/ HTTP/1.1" 200 216
"GET /api/granitefallsforecastchart/ HTTP/1.1" 200 43078
"GET /api/accuracymetrics/ HTTP/1.1" 200 216
"GET /api/granitefallsforecasttable/ HTTP/1.1" 200 3596
"GET /api/granitefallsforecastchart/ HTTP/1.1" 200 43078
"GET /api/accuracymetrics/ HTTP/1.1" 200 216
"GET /api/granitefallsforecasttable/ HTTP/1.1" 200 3596
"GET /api/granitefallsforecastchart/ HTTP/1.1" 200 43078
"GET /api/granitefallsforecasttable/ HTTP/1.1" 200 3596
"GET /api/accuracymetrics/ HTTP/1.1" 200 216
"GET /api/granitefallsforecastchart/ HTTP/1.1" 200 43078
C:\Users\Ross\Documents\1.School\WGU\33.ComputerScienceCapstone C964\Capstone\robeForecast\riverdata\views.py changed, reloading.
Watching for file changes with StatReloader
"GET /api/accuracymetrics/ HTTP/1.1" 200 216
"GET /api/granitefallsforecasttable/ HTTP/1.1" 200 3596
"GET /api/granitefallsforecastchart/ HTTP/1.1" 200 43078
"GET /api/granitefallsforecasttable/ HTTP/1.1" 200 3596
"GET /api/accuracymetrics/ HTTP/1.1" 200 216
"GET /api/granitefallsforecastchart/ HTTP/1.1" 200 43078
"GET /api/accuracymetrics/ HTTP/1.1" 200 216
"GET /api/granitefallsforecasttable/ HTTP/1.1" 200 3596
"GET /api/granitefallsforecastchart/ HTTP/1.1" 200 43078
"GET /api/accuracymetrics/ HTTP/1.1" 200 216
"GET /api/granitefallsforecasttable/ HTTP/1.1" 200 3596
"GET /api/granitefallsforecastchart/ HTTP/1.1" 200 43078
"GET /api/accuracymetrics/ HTTP/1.1" 200 216
- Broken pipe from ('127.0.0.1', 54983)
- Broken pipe from ('127.0.0.1', 54982)
"GET /api/accuracymetrics/ HTTP/1.1" 200 216
"GET /api/granitefallsforecastchart/ HTTP/1.1" 200 43078
"GET /api/granitefallsforecasttable/ HTTP/1.1" 200 3596
"GET /api/accuracymetrics/ HTTP/1.1" 200 216
"GET /api/granitefallsforecasttable/ HTTP/1.1" 200 3596
- Broken pipe from ('127.0.0.1', 54984)
"GET /api/accuracymetrics/ HTTP/1.1" 200 216
"GET /api/granitefallsforecasttable/ HTTP/1.1" 200 3596
"GET /api/granitefallsforecastchart/ HTTP/1.1" 200 43078
"GET /api/accuracymetrics/ HTTP/1.1" 200 216
"GET /api/granitefallsforecasttable/ HTTP/1.1" 200 3237
"GET /api/granitefallsforecastchart/ HTTP/1.1" 200 43077
"GET /api/granitefallsforecasttable/ HTTP/1.1" 200 3599
"GET /api/accuracymetrics/ HTTP/1.1" 200 216
"GET /api/granitefallsforecastchart/ HTTP/1.1" 200 43091
"GET /api/granitefallsforecasttable/ HTTP/1.1" 200 3598
"GET /api/accuracymetrics/ HTTP/1.1" 200 219
"GET /api/granitefallsforecastchart/ HTTP/1.1" 200 43098
"GET /api/accuracymetrics/ HTTP/1.1" 200 219
"GET /api/granitefallsforecasttable/ HTTP/1.1" 200 3598
"GET /api/granitefallsforecastchart/ HTTP/1.1" 200 43098
"GET /api/accuracymetrics/ HTTP/1.1" 200 219
"GET /api/granitefallsforecastchart/ HTTP/1.1" 200 43111
"GET /api/granitefallsforecasttable/ HTTP/1.1" 200 3599
C:\Users\Ross\Documents\1.School\WGU\33.ComputerScienceCapstone C964\Capstone\robeForecast\riverdata\models.py changed, reloading.
Watching for file changes with StatReloader
C:\Users\Ross\Documents\1.School\WGU\33.ComputerScienceCapstone C964\Capstone\robeForecast\riverdata\models.py changed, reloading.
Watching for file changes with StatReloader
Watching for file changes with StatReloader
Watching for file changes with StatReloader
